++++++++++++++++++++++
+++ VENTAS DEL DIA +++
++++++++++++++++++++++
Nombre: Frodo
Tipo preferencia: Aventura
Sugerencias aceptadas: 
[ Minas Tirith, Moria, Erebor ]
Duracion total: 7.50
Costo total: 6.00
----------------------------------------
Nombre: Galardiel
Tipo preferencia: Paisaje
Sugerencias aceptadas: 
[ Lothlórien, Mordor ]
Duracion total: 4.00
Costo total: 60.00
----------------------------------------
Nombre: Sam
Tipo preferencia: Degustación
Sugerencias aceptadas: 
[ Lothlórien, La Comarca ]
Duracion total: 7.50
Costo total: 36.00
----------------------------------------
